-------------------------------------------------------------------------------
Test set: com.starapp.showlist_employees_to_manager.ShowlistEmployeesToManagerApplicationTests
-------------------------------------------------------------------------------
Tests run: 1, Failures: 0, Errors: 1, Skipped: 0, Time elapsed: 0.307 s <<< FAILURE! - in com.starapp.showlist_employees_to_manager.ShowlistEmployeesToManagerApplicationTests
com.starapp.showlist_employees_to_manager.ShowlistEmployeesToManagerApplicationTests  Time elapsed: 0.306 s  <<< ERROR!
java.lang.IllegalStateException: Unable to find a @SpringBootConfiguration, you need to use @ContextConfiguration or @SpringBootTest(classes=...) with your test

